D:\HOME\WORKSPACE1\TST_EDIT\MFCACTIVEXCONTROL1\MFCACTIVEXCONTROL1\DEBUG\MFCACTIVEXCONTROL1.PCH
D:\HOME\WORKSPACE1\TST_EDIT\MFCACTIVEXCONTROL1\MFCACTIVEXCONTROL1\DEBUG\STDAFX.OBJ
D:\HOME\WORKSPACE1\TST_EDIT\MFCACTIVEXCONTROL1\MFCACTIVEXCONTROL1\DEBUG\VC110.PDB
D:\HOME\WORKSPACE1\TST_EDIT\MFCACTIVEXCONTROL1\MFCACTIVEXCONTROL1\DEBUG\CATHELP.OBJ
D:\HOME\WORKSPACE1\TST_EDIT\MFCACTIVEXCONTROL1\MFCACTIVEXCONTROL1\DEBUG\COPENSSL.OBJ
D:\HOME\WORKSPACE1\TST_EDIT\MFCACTIVEXCONTROL1\MFCACTIVEXCONTROL1\DEBUG\CPASSWORDEDIT.OBJ
D:\HOME\WORKSPACE1\TST_EDIT\MFCACTIVEXCONTROL1\MFCACTIVEXCONTROL1\DEBUG\MFCACTIVEXCONTROL1.OBJ
D:\HOME\WORKSPACE1\TST_EDIT\MFCACTIVEXCONTROL1\MFCACTIVEXCONTROL1\DEBUG\TSTPASSWORDCTRL.OBJ
D:\HOME\WORKSPACE1\TST_EDIT\MFCACTIVEXCONTROL1\MFCACTIVEXCONTROL1\DEBUG\TSTPASSWORDPROPPAGE.OBJ
D:\HOME\WORKSPACE1\TST_EDIT\MFCACTIVEXCONTROL1\MFCACTIVEXCONTROL1\DEBUG\CCRYPT.OBJ
D:\HOME\WORKSPACE1\TST_EDIT\MFCACTIVEXCONTROL1\DEBUG\MFCACTIVEXCONTROL1.ILK
D:\HOME\WORKSPACE1\TST_EDIT\MFCACTIVEXCONTROL1\DEBUG\MFCACTIVEXCONTROL1.OCX
D:\HOME\WORKSPACE1\TST_EDIT\MFCACTIVEXCONTROL1\DEBUG\MFCACTIVEXCONTROL1.PDB
D:\home\workspace1\tst_edit\MFCActiveXControl1\Debug\MFCActiveXControl1.lib
D:\home\workspace1\tst_edit\MFCActiveXControl1\Debug\MFCActiveXControl1.exp
D:\HOME\WORKSPACE1\TST_EDIT\MFCACTIVEXCONTROL1\MFCACTIVEXCONTROL1\DEBUG\MFCACTIVEXCONTROL1.TLB
D:\HOME\WORKSPACE1\TST_EDIT\MFCACTIVEXCONTROL1\MFCACTIVEXCONTROL1\MFCACTIVEXCONTROL1_I.C
D:\HOME\WORKSPACE1\TST_EDIT\MFCACTIVEXCONTROL1\MFCACTIVEXCONTROL1\MFCACTIVEXCONTROL1IDL.H
D:\HOME\WORKSPACE1\TST_EDIT\MFCACTIVEXCONTROL1\MFCACTIVEXCONTROL1\DEBUG\MFCACTIVEXCONTROL1.RES
D:\home\workspace1\tst_edit\MFCActiveXControl1\MFCActiveXControl1\Debug\Cathelp.obj
D:\home\workspace1\tst_edit\MFCActiveXControl1\MFCActiveXControl1\Debug\CCrypt.obj
D:\home\workspace1\tst_edit\MFCActiveXControl1\MFCActiveXControl1\Debug\COpenSSL.obj
D:\home\workspace1\tst_edit\MFCActiveXControl1\MFCActiveXControl1\Debug\CPasswordEdit.obj
D:\home\workspace1\tst_edit\MFCActiveXControl1\MFCActiveXControl1\Debug\MFCActiveXControl1.obj
D:\home\workspace1\tst_edit\MFCActiveXControl1\MFCActiveXControl1\Debug\stdafx.obj
D:\home\workspace1\tst_edit\MFCActiveXControl1\MFCActiveXControl1\Debug\TSTPasswordPropPage.obj
D:\home\workspace1\tst_edit\MFCActiveXControl1\MFCActiveXControl1\Debug\MFCActiveXControl1.tlb
D:\home\workspace1\tst_edit\MFCActiveXControl1\MFCActiveXControl1\Debug\cl.command.1.tlog
D:\home\workspace1\tst_edit\MFCActiveXControl1\MFCActiveXControl1\Debug\CL.read.1.tlog
D:\home\workspace1\tst_edit\MFCActiveXControl1\MFCActiveXControl1\Debug\CL.write.1.tlog
D:\home\workspace1\tst_edit\MFCActiveXControl1\MFCActiveXControl1\Debug\link-cvtres.read.1.tlog
D:\home\workspace1\tst_edit\MFCActiveXControl1\MFCActiveXControl1\Debug\link-cvtres.write.1.tlog
D:\home\workspace1\tst_edit\MFCActiveXControl1\MFCActiveXControl1\Debug\link-mt.read.1.tlog
D:\home\workspace1\tst_edit\MFCActiveXControl1\MFCActiveXControl1\Debug\link-mt.write.1.tlog
D:\home\workspace1\tst_edit\MFCActiveXControl1\MFCActiveXControl1\Debug\link-rc.read.1.tlog
D:\home\workspace1\tst_edit\MFCActiveXControl1\MFCActiveXControl1\Debug\link-rc.write.1.tlog
D:\home\workspace1\tst_edit\MFCActiveXControl1\MFCActiveXControl1\Debug\link.command.1.tlog
D:\home\workspace1\tst_edit\MFCActiveXControl1\MFCActiveXControl1\Debug\link.read.1.tlog
D:\home\workspace1\tst_edit\MFCActiveXControl1\MFCActiveXControl1\Debug\link.write.1.tlog
D:\home\workspace1\tst_edit\MFCActiveXControl1\MFCActiveXControl1\Debug\MFCActiveXControl1.write.1.tlog
D:\home\workspace1\tst_edit\MFCActiveXControl1\MFCActiveXControl1\Debug\midl-midlc-cl.read.1.tlog
D:\home\workspace1\tst_edit\MFCActiveXControl1\MFCActiveXControl1\Debug\midl-midlc.read.1.tlog
D:\home\workspace1\tst_edit\MFCActiveXControl1\MFCActiveXControl1\Debug\midl-midlc.write.1.tlog
D:\home\workspace1\tst_edit\MFCActiveXControl1\MFCActiveXControl1\Debug\midl.command.1.tlog
D:\home\workspace1\tst_edit\MFCActiveXControl1\MFCActiveXControl1\Debug\midl.read.1.tlog
D:\home\workspace1\tst_edit\MFCActiveXControl1\MFCActiveXControl1\Debug\midl.write.1.tlog
D:\home\workspace1\tst_edit\MFCActiveXControl1\MFCActiveXControl1\Debug\rc.command.1.tlog
D:\home\workspace1\tst_edit\MFCActiveXControl1\MFCActiveXControl1\Debug\rc.read.1.tlog
D:\home\workspace1\tst_edit\MFCActiveXControl1\MFCActiveXControl1\Debug\rc.write.1.tlog
D:\home\workspace1\tst_edit\MFCActiveXControl1\MFCActiveXControl1\Debug\MFCActiveXControl1.res
D:\home\workspace1\tst_edit\MFCActiveXControl1\MFCActiveXControl1\Debug\MFCActiveXControl1.pch
D:\home\workspace1\tst_edit\MFCActiveXControl1\MFCActiveXControl1\Debug\vc110.idb
D:\home\workspace1\tst_edit\MFCActiveXControl1\MFCActiveXControl1\Debug\vc110.pdb
D:\home\workspace1\tst_edit\MFCActiveXControl1\Debug\MFCActiveXControl1.pdb
D:\home\workspace1\tst_edit\MFCActiveXControl1\Debug\MFCActiveXControl1.ocx
D:\home\workspace1\tst_edit\MFCActiveXControl1\Debug\MFCActiveXControl1.ilk
